- Date : 2019-12-14T13:46:23.079Z  --  level : [32minfo[39m -- message : Application démarré sur localhost:8080 
- Date : 2019-12-14T13:49:01.834Z  --  level : [32minfo[39m -- message : Application démarré sur localhost:8080 
- Date : 2019-12-14T13:49:15.807Z  --  level : [32minfo[39m -- message : Application démarré sur localhost:8080 
- Date : 2019-12-14T13:50:00.923Z  --  level : [32minfo[39m -- message : Application démarré sur localhost:8080 
- Date : 2019-12-14T13:50:45.392Z  --  level : [32minfo[39m -- message : {"host":"localhost:8080","connection":"keep-alive","upgrade-insecure-requests":"1","user-agent":"Mozilla/5.0 (Windows NT 10.0; Win64; x64) AppleWebKit/537.36 (KHTML, like Gecko) Chrome/71.0.3578.98 Safari/537.36","dnt":"1","accept":"text/html,application/xhtml+xml,application/xml;q=0.9,image/webp,image/apng,*/*;q=0.8","accept-encoding":"gzip, deflate, br","accept-language":"en-US,en;q=0.9,fr;q=0.8"} 
- Date : 2019-12-14T13:50:45.400Z  --  level : [31merror[39m -- message : Error token invalid {} 
- Date : 2019-12-14T13:55:16.657Z  --  level : [32minfo[39m -- message : Application démarré sur localhost:8080 
- Date : 2019-12-14T13:56:23.052Z  --  level : [32minfo[39m -- message : Application démarré sur localhost:8080 
- Date : 2019-12-14T13:56:57.594Z  --  level : [32minfo[39m -- message : Application démarré sur localhost:8080 
- Date : 2019-12-14T13:57:47.303Z  --  level : [32minfo[39m -- message : Application démarré sur localhost:8080 
- Date : 2019-12-14T13:57:59.932Z  --  level : [32minfo[39m -- message : Application démarré sur localhost:8080 
- Date : 2019-12-14T13:58:41.878Z  --  level : [32minfo[39m -- message : Application démarré sur localhost:8080 
- Date : 2019-12-14T13:58:57.535Z  --  level : [32minfo[39m -- message : Application démarré sur localhost:8080 
- Date : 2019-12-14T13:59:28.092Z  --  level : [31merror[39m -- message : {"name":"SequelizeDatabaseError","parent":{"fatal":false,"errno":1146,"sqlState":"42S02","code":"ER_NO_SUCH_TABLE","sql":"SELECT `id`, `firstname`, `lastname`, `username`, `birthday`, `email`, `password`, `picturename`, `role`, `createdAt`, `updatedAt` FROM `users` AS `user` WHERE `user`.`email` = 'toure5013' LIMIT 1;"},"original":{"fatal":false,"errno":1146,"sqlState":"42S02","code":"ER_NO_SUCH_TABLE","sql":"SELECT `id`, `firstname`, `lastname`, `username`, `birthday`, `email`, `password`, `picturename`, `role`, `createdAt`, `updatedAt` FROM `users` AS `user` WHERE `user`.`email` = 'toure5013' LIMIT 1;"},"sql":"SELECT `id`, `firstname`, `lastname`, `username`, `birthday`, `email`, `password`, `picturename`, `role`, `createdAt`, `updatedAt` FROM `users` AS `user` WHERE `user`.`email` = 'toure5013' LIMIT 1;"} 
- Date : 2019-12-14T13:59:28.203Z  --  level : [31merror[39m -- message : {"name":"SequelizeDatabaseError","parent":{"fatal":false,"errno":1146,"sqlState":"42S02","code":"ER_NO_SUCH_TABLE","sql":"SELECT `id`, `firstname`, `lastname`, `username`, `birthday`, `email`, `password`, `picturename`, `role`, `createdAt`, `updatedAt` FROM `users` AS `user` WHERE `user`.`username` = 'toure50130323' LIMIT 1;"},"original":{"fatal":false,"errno":1146,"sqlState":"42S02","code":"ER_NO_SUCH_TABLE","sql":"SELECT `id`, `firstname`, `lastname`, `username`, `birthday`, `email`, `password`, `picturename`, `role`, `createdAt`, `updatedAt` FROM `users` AS `user` WHERE `user`.`username` = 'toure50130323' LIMIT 1;"},"sql":"SELECT `id`, `firstname`, `lastname`, `username`, `birthday`, `email`, `password`, `picturename`, `role`, `createdAt`, `updatedAt` FROM `users` AS `user` WHERE `user`.`username` = 'toure50130323' LIMIT 1;"} 
- Date : 2019-12-14T14:01:03.351Z  --  level : [32minfo[39m -- message : Application démarré sur localhost:8080 
- Date : 2019-12-14T14:01:45.101Z  --  level : [32minfo[39m -- message : Application démarré sur localhost:8080 
- Date : 2019-12-14T14:03:30.498Z  --  level : [32minfo[39m -- message : Application démarré sur localhost:8080 
- Date : 2019-12-14T14:03:43.438Z  --  level : [32minfo[39m -- message : Application démarré sur localhost:8080 
- Date : 2019-12-14T14:04:18.276Z  --  level : [32minfo[39m -- message : Application démarré sur localhost:8080 
- Date : 2019-12-14T14:04:24.095Z  --  level : [32minfo[39m -- message : Application démarré sur localhost:8080 
- Date : 2019-12-14T14:18:12.030Z  --  level : [32minfo[39m -- message : {"host":"localhost:8080","connection":"keep-alive","cache-control":"max-age=0","upgrade-insecure-requests":"1","user-agent":"Mozilla/5.0 (Windows NT 10.0; Win64; x64) AppleWebKit/537.36 (KHTML, like Gecko) Chrome/71.0.3578.98 Safari/537.36","dnt":"1","accept":"text/html,application/xhtml+xml,application/xml;q=0.9,image/webp,image/apng,*/*;q=0.8","accept-encoding":"gzip, deflate, br","accept-language":"en-US,en;q=0.9,fr;q=0.8","if-none-match":"W/\"4e-EnqCrFYiswxcgTx8EqDGDhuo+Rg\""} 
- Date : 2019-12-14T14:18:12.068Z  --  level : [31merror[39m -- message : Error token invalid {} 
